Started GET "/" for 127.0.0.1 at 2017-09-19 11:25:53 -0400
Processing by Rails::WelcomeController#index as HTML
  Rendering /Users/nickcamillo/.rbenv/versions/2.2.2/lib/ruby/gems/2.2.0/gems/railties-5.1.2/lib/rails/templates/rails/welcome/index.html.erb
  Rendered /Users/nickcamillo/.rbenv/versions/2.2.2/lib/ruby/gems/2.2.0/gems/railties-5.1.2/lib/rails/templates/rails/welcome/index.html.erb (3.1ms)
Completed 200 OK in 227ms (Views: 8.3ms)


Started GET "/" for 127.0.0.1 at 2017-09-19 11:34:50 -0400
Processing by Rails::WelcomeController#index as HTML
  Rendering /Users/nickcamillo/.rbenv/versions/2.2.2/lib/ruby/gems/2.2.0/gems/railties-5.1.2/lib/rails/templates/rails/welcome/index.html.erb
  Rendered /Users/nickcamillo/.rbenv/versions/2.2.2/lib/ruby/gems/2.2.0/gems/railties-5.1.2/lib/rails/templates/rails/welcome/index.html.erb (2.7ms)
Completed 200 OK in 158ms (Views: 6.4ms)


Started GET "/" for 127.0.0.1 at 2017-09-19 11:53:38 -0400
Processing by ApplicationController#hello as HTML
  Rendering html template
  Rendered html template (0.0ms)
Completed 200 OK in 2ms (Views: 1.7ms)


Started GET "/" for 127.0.0.1 at 2017-09-19 11:57:29 -0400
Processing by ApplicationController#hello as HTML
  Rendering html template
  Rendered html template (0.0ms)
Completed 200 OK in 1ms (Views: 0.6ms)


Started GET "/" for 127.0.0.1 at 2017-09-19 11:57:52 -0400
Processing by ApplicationController#hello as HTML
  Rendering html template
  Rendered html template (0.0ms)
Completed 200 OK in 1ms (Views: 0.9ms)


Started GET "/" for 127.0.0.1 at 2017-09-19 11:58:40 -0400
Processing by ApplicationController#hello as HTML
  Rendering html template
  Rendered html template (0.0ms)
Completed 200 OK in 1ms (Views: 0.5ms)


Started GET "/" for 127.0.0.1 at 2017-09-19 11:59:42 -0400
Processing by ApplicationController#hello as HTML
  Rendering html template
  Rendered html template (0.0ms)
Completed 200 OK in 1ms (Views: 0.3ms)


Started GET "/" for 127.0.0.1 at 2017-09-19 12:00:26 -0400
Processing by ApplicationController#goodbye as HTML
  Rendering html template
  Rendered html template (0.0ms)
Completed 200 OK in 1ms (Views: 0.7ms)


